-------------------------------------------------------------------------------
Test set: qa.auto.rest.tests.CrudTest
-------------------------------------------------------------------------------
Tests run: 2, Failures: 1, Errors: 0, Skipped: 0, Time elapsed: 15.234 s <<< FAILURE! - in qa.auto.rest.tests.CrudTest
qa.auto.rest.tests.CrudTest.getSingleEmployee  Time elapsed: 2.405 s  <<< FAILURE!
java.lang.AssertionError: 
1 expectation failed.
Expected status code <200> but was <429>.

	at qa.auto.rest.tests.CrudTest.getSingleEmployee(CrudTest.java:53)

